Determining if the Fortran sgemm exists failed with the following output:
Change Dir: /home/daniel/Documents/DAFEC/build/CMakeFiles/CMakeTmp

Run Build Command(s):/usr/bin/gmake -f Makefile cmTC_b03eb/fast && /usr/bin/gmake  -f CMakeFiles/cmTC_b03eb.dir/build.make CMakeFiles/cmTC_b03eb.dir/build
gmake[1]: Entering directory '/home/daniel/Documents/DAFEC/build/CMakeFiles/CMakeTmp'
Building Fortran object CMakeFiles/cmTC_b03eb.dir/testFortranCompiler.f.o
/usr/bin/f95   -Wall -ffree-line-length-none   -c /home/daniel/Documents/DAFEC/build/CMakeFiles/CMakeTmp/testFortranCompiler.f -o CMakeFiles/cmTC_b03eb.dir/testFortranCompiler.f.o
Linking Fortran executable cmTC_b03eb
/usr/bin/cmake -E cmake_link_script CMakeFiles/cmTC_b03eb.dir/link.txt --verbose=1
/usr/bin/f95  -Wall -ffree-line-length-none   CMakeFiles/cmTC_b03eb.dir/testFortranCompiler.f.o -o cmTC_b03eb 
/usr/bin/ld: CMakeFiles/cmTC_b03eb.dir/testFortranCompiler.f.o: in function `MAIN__':
testFortranCompiler.f:(.text+0xa): undefined reference to `sgemm_'
collect2: error: ld returned 1 exit status
gmake[1]: *** [CMakeFiles/cmTC_b03eb.dir/build.make:99: cmTC_b03eb] Error 1
gmake[1]: Leaving directory '/home/daniel/Documents/DAFEC/build/CMakeFiles/CMakeTmp'
gmake: *** [Makefile:127: cmTC_b03eb/fast] Error 2



Determining if the Fortran cheev exists failed with the following output:
Change Dir: /home/daniel/Documents/DAFEC/build/CMakeFiles/CMakeTmp

Run Build Command(s):/usr/bin/gmake -f Makefile cmTC_0705c/fast && /usr/bin/gmake  -f CMakeFiles/cmTC_0705c.dir/build.make CMakeFiles/cmTC_0705c.dir/build
gmake[1]: Entering directory '/home/daniel/Documents/DAFEC/build/CMakeFiles/CMakeTmp'
Building Fortran object CMakeFiles/cmTC_0705c.dir/testFortranCompiler.f.o
/usr/bin/f95   -Wall -ffree-line-length-none   -c /home/daniel/Documents/DAFEC/build/CMakeFiles/CMakeTmp/testFortranCompiler.f -o CMakeFiles/cmTC_0705c.dir/testFortranCompiler.f.o
Linking Fortran executable cmTC_0705c
/usr/bin/cmake -E cmake_link_script CMakeFiles/cmTC_0705c.dir/link.txt --verbose=1
/usr/bin/f95  -Wall -ffree-line-length-none   CMakeFiles/cmTC_0705c.dir/testFortranCompiler.f.o -o cmTC_0705c  /usr/lib/x86_64-linux-gnu/libblas.so -lm -ldl 
/usr/bin/ld: CMakeFiles/cmTC_0705c.dir/testFortranCompiler.f.o: in function `MAIN__':
testFortranCompiler.f:(.text+0xa): undefined reference to `cheev_'
collect2: error: ld returned 1 exit status
gmake[1]: *** [CMakeFiles/cmTC_0705c.dir/build.make:100: cmTC_0705c] Error 1
gmake[1]: Leaving directory '/home/daniel/Documents/DAFEC/build/CMakeFiles/CMakeTmp'
gmake: *** [Makefile:127: cmTC_0705c/fast] Error 2



Determining if the Fortran cheev exists failed with the following output:
Change Dir: /home/daniel/Documents/DAFEC/build/CMakeFiles/CMakeTmp

Run Build Command(s):/usr/bin/gmake -f Makefile cmTC_5fce9/fast && /usr/bin/gmake  -f CMakeFiles/cmTC_5fce9.dir/build.make CMakeFiles/cmTC_5fce9.dir/build
gmake[1]: Entering directory '/home/daniel/Documents/DAFEC/build/CMakeFiles/CMakeTmp'
Building Fortran object CMakeFiles/cmTC_5fce9.dir/testFortranCompiler.f.o
/usr/bin/f95   -Wall -ffree-line-length-none   -c /home/daniel/Documents/DAFEC/build/CMakeFiles/CMakeTmp/testFortranCompiler.f -o CMakeFiles/cmTC_5fce9.dir/testFortranCompiler.f.o
Linking Fortran executable cmTC_5fce9
/usr/bin/cmake -E cmake_link_script CMakeFiles/cmTC_5fce9.dir/link.txt --verbose=1
/usr/bin/f95  -Wall -ffree-line-length-none   CMakeFiles/cmTC_5fce9.dir/testFortranCompiler.f.o -o cmTC_5fce9  /usr/lib/x86_64-linux-gnu/liblapack.so /usr/lib/x86_64-linux-gnu/libblas.so -fortranlibs 
f95: error: unrecognized command-line option '-fortranlibs'
gmake[1]: *** [CMakeFiles/cmTC_5fce9.dir/build.make:101: cmTC_5fce9] Error 1
gmake[1]: Leaving directory '/home/daniel/Documents/DAFEC/build/CMakeFiles/CMakeTmp'
gmake: *** [Makefile:127: cmTC_5fce9/fast] Error 2



